<?xml version="1.0" encoding="utf-8"?><testsuites name="pytest tests"><testsuite name="pytest" errors="0" failures="0" skipped="0" tests="16" time="8.431" timestamp="2026-09-01T10:55:20.564867+00:00" hostname="agent-env-f658e6ec-3ee9-47b9-92ca-8ef1d8e595e5"><testcase classname="tests.test_phase6_camera_capture" name="test_gross_response_has_capture_queued_flag" time="3.071" /><testcase classname="tests.test_phase6_camera_capture" name="test_gross_auto_capture_creates_image_per_camera" time="0.003" /><testcase classname="tests.test_phase6_camera_capture" name="test_tare_auto_capture_produces_tare_rows" time="5.094" /><testcase classname="tests.test_phase6_camera_capture" name="test_saved_files_exist_and_are_valid_jpeg" time="0.003" /><testcase classname="tests.test_phase6_camera_capture" name="test_get_image_file_returns_jpeg_bytes" time="0.005" /><testcase classname="tests.test_phase6_camera_capture" name="test_get_image_file_404_for_missing_id" time="0.002" /><testcase classname="tests.test_phase6_camera_capture" name="test_manual_recapture_increments_sequence" time="0.018" /><testcase classname="tests.test_phase6_camera_capture" name="test_manual_recapture_invalid_stage_400" time="0.002" /><testcase classname="tests.test_phase6_camera_capture" name="test_image_capture_enabled_kill_switch" time="0.016" /><testcase classname="tests.test_phase6_camera_capture" name="test_camera_system_enabled_kill_switch" time="0.017" /><testcase classname="tests.test_phase6_camera_capture" name="test_disabled_camera_is_skipped" time="0.025" /><testcase classname="tests.test_phase6_camera_capture" name="test_operator_can_capture_but_not_view" time="0.075" /><testcase classname="tests.test_phase6_camera_capture" name="test_live_snapshot_returns_jpeg" time="0.002" /><testcase classname="tests.test_phase6_camera_capture" name="test_live_snapshot_missing_camera_conflict" time="0.002" /><testcase classname="tests.test_phase6_camera_capture" name="test_regression_full_cycle_math" time="0.022" /><testcase classname="tests.test_phase6_camera_capture" name="test_login_forced_password_change_gate_still_intact" time="0.054" /></testsuite></testsuites>