<?xml version="1.0" encoding="utf-8"?><testsuites name="pytest tests"><testsuite name="pytest" errors="0" failures="0" skipped="2" tests="15" time="84.785" timestamp="2026-09-01T16:34:17.832270+00:00" hostname="agent-env-f658e6ec-3ee9-47b9-92ca-8ef1d8e595e5"><testcase classname="tests.test_phase10_sms.TestSmsConfigCrud" name="test_get_sms_seeded_shape" time="0.080" /><testcase classname="tests.test_phase10_sms.TestSmsConfigCrud" name="test_put_sms_encrypts_and_hides_secrets" time="0.012" /><testcase classname="tests.test_phase10_sms.TestSmsConfigCrud" name="test_put_omit_secret_preserves" time="0.024" /><testcase classname="tests.test_phase10_sms.TestSmsConfigCrud" name="test_template_upsert_and_validation" time="0.028" /><testcase classname="tests.test_phase10_sms.TestTestEndpoints" name="test_connection_reachable_and_unreachable" time="0.040" /><testcase classname="tests.test_phase10_sms.TestTestEndpoints" name="test_test_send_no_raw_response_leak" time="0.020" /><testcase classname="tests.test_phase10_sms.TestEndToEndQueue" name="test_tare_queues_and_sends_sms" time="20.065" /><testcase classname="tests.test_phase10_sms.TestEndToEndQueue" name="test_payment_queues_and_sends_sms" time="20.073" /><testcase classname="tests.test_phase10_sms.TestIdempotencyAndSkip" name="test_no_queue_when_disabled" time="2.088" /><testcase classname="tests.test_phase10_sms.TestIdempotencyAndSkip" name="test_no_queue_when_grower_has_no_mobile" time="0.011"><skipped type="pytest.skip" message="cannot create grower with empty mobile: 409 {&quot;message&quot;:&quot;Mobile must be exactly 10 numeric digits. Example: 9876543210&quot;}">/app/backend/tests/test_phase10_sms.py:304: cannot create grower with empty mobile: 409 {"message":"Mobile must be exactly 10 numeric digits. Example: 9876543210"}</skipped></testcase><testcase classname="tests.test_phase10_sms.TestFailureAndRetry" name="test_failure_retry_pending_then_manual_retry" time="40.134" /><testcase classname="tests.test_phase10_sms.TestFailureAndRetry" name="test_business_txn_independent_of_sms" time="0.079" /><testcase classname="tests.test_phase10_sms.TestSmsLogsAndRBAC" name="test_logs_masked_and_filters" time="0.009" /><testcase classname="tests.test_phase10_sms.TestSmsLogsAndRBAC" name="test_rbac_non_developer_forbidden" time="0.031"><skipped type="pytest.skip" message="user create failed (known env quirk): 400 {&quot;message&quot;:&quot;Mobile must be exactly 10 digits.&quot;}">/app/backend/tests/test_phase10_sms.py:384: user create failed (known env quirk): 400 {"message":"Mobile must be exactly 10 digits."}</skipped></testcase><testcase classname="tests.test_phase10_sms.TestLoanNoSmsRegression" name="test_loan_issue_does_not_queue_sms" time="2.068" /></testsuite></testsuites>