<?xml version="1.0" encoding="utf-8"?><testsuites name="pytest tests"><testsuite name="pytest" errors="0" failures="0" skipped="0" tests="22" time="1.692" timestamp="2026-09-02T07:06:20.532825+00:00" hostname="agent-env-f658e6ec-3ee9-47b9-92ca-8ef1d8e595e5"><testcase classname="tests.test_phase11_12_13" name="test_health_no_auth" time="0.004" /><testcase classname="tests.test_phase11_12_13" name="test_razorpay_endpoint_removed" time="0.112" /><testcase classname="tests.test_phase11_12_13" name="test_backup_config_get" time="0.003" /><testcase classname="tests.test_phase11_12_13" name="test_backup_config_put_invalid" time="0.002" /><testcase classname="tests.test_phase11_12_13" name="test_backup_config_put_invalid_time" time="0.002" /><testcase classname="tests.test_phase11_12_13" name="test_backup_config_put_invalid_retention" time="0.002" /><testcase classname="tests.test_phase11_12_13" name="test_backup_config_put_empty_folder" time="0.002" /><testcase classname="tests.test_phase11_12_13" name="test_backup_config_put_valid" time="0.010" /><testcase classname="tests.test_phase11_12_13" name="test_backup_script" time="0.030" /><testcase classname="tests.test_phase11_12_13" name="test_backup_task_scheduler_xml" time="0.013" /><testcase classname="tests.test_phase11_12_13" name="test_security_audit_401_and_403" time="1.013" /><testcase classname="tests.test_phase11_12_13" name="test_report_purchases_json" time="0.003" /><testcase classname="tests.test_phase11_12_13" name="test_report_purchases_pdf" time="0.007" /><testcase classname="tests.test_phase11_12_13" name="test_report_purchases_excel" time="0.012" /><testcase classname="tests.test_phase11_12_13" name="test_report_payments_all_formats" time="0.020" /><testcase classname="tests.test_phase11_12_13" name="test_report_loans_all_formats" time="0.018" /><testcase classname="tests.test_phase11_12_13" name="test_report_daily_collection_all_formats" time="0.016" /><testcase classname="tests.test_phase11_12_13" name="test_report_date_range_filter" time="0.004" /><testcase classname="tests.test_phase11_12_13" name="test_farmer_dashboard_self" time="0.287" /><testcase classname="tests.test_phase11_12_13" name="test_farmer_statement_formats" time="0.044" /><testcase classname="tests.test_phase11_12_13" name="test_farmer_dashboard_no_grower_link" time="0.012" /><testcase classname="tests.test_phase11_12_13" name="test_farmer_cannot_export_reports" time="0.017" /></testsuite></testsuites>