<?xml version="1.0" encoding="utf-8"?><testsuites name="pytest tests"><testsuite name="pytest" errors="0" failures="0" skipped="0" tests="21" time="11.431" timestamp="2026-09-01T11:48:07.096963+00:00" hostname="agent-env-f658e6ec-3ee9-47b9-92ca-8ef1d8e595e5"><testcase classname="tests.test_phase7_printing" name="test_gross_dotmatrix_final_returns_escp_bytes" time="3.154" /><testcase classname="tests.test_phase7_printing" name="test_gross_a4_final_returns_pdf" time="0.036" /><testcase classname="tests.test_phase7_printing" name="test_dotmatrix_preview_returns_png" time="0.020" /><testcase classname="tests.test_phase7_printing" name="test_a4_preview_same_as_final_pdf" time="0.023" /><testcase classname="tests.test_phase7_printing" name="test_final_increments_print_count_and_preview_does_not" time="2.636" /><testcase classname="tests.test_phase7_printing" name="test_tare_before_saved_returns_409" time="1.518" /><testcase classname="tests.test_phase7_printing" name="test_tare_after_saved_returns_pdf" time="0.017" /><testcase classname="tests.test_phase7_printing" name="test_invalid_stage_returns_400" time="0.002" /><testcase classname="tests.test_phase7_printing" name="test_invalid_target_returns_400" time="0.004" /><testcase classname="tests.test_phase7_printing" name="test_invalid_format_returns_400" time="0.002" /><testcase classname="tests.test_phase7_printing" name="test_missing_purchase_returns_404" time="0.002" /><testcase classname="tests.test_phase7_printing" name="test_operator_can_print_purchase_slip" time="0.065" /><testcase classname="tests.test_phase7_printing" name="test_operator_forbidden_on_print_test" time="0.002" /><testcase classname="tests.test_phase7_printing" name="test_developer_allowed_on_print_test" time="0.004" /><testcase classname="tests.test_phase7_printing" name="test_print_test_dotmatrix_hi_preview_returns_png" time="0.014" /><testcase classname="tests.test_phase7_printing" name="test_print_test_has_no_side_effects_on_purchase" time="0.516" /><testcase classname="tests.test_phase7_printing" name="test_gross_response_has_autoprint_object" time="0.054" /><testcase classname="tests.test_phase7_printing" name="test_tare_response_has_autoprint_object" time="1.544" /><testcase classname="tests.test_phase7_printing" name="test_regression_login_and_forced_password_change_flow" time="0.225" /><testcase classname="tests.test_phase7_printing" name="test_regression_gross_tare_math" time="1.042" /><testcase classname="tests.test_phase7_printing" name="test_regression_phase6_images_still_returned" time="0.003" /></testsuite></testsuites>