<?xml version="1.0" encoding="utf-8"?><testsuites name="pytest tests"><testsuite name="pytest" errors="0" failures="0" skipped="1" tests="45" time="1.076" timestamp="2026-09-01T13:19:21.071374+00:00" hostname="agent-env-f658e6ec-3ee9-47b9-92ca-8ef1d8e595e5"><testcase classname="tests.test_phase8_loans.TestLoanTypeMaster" name="test_seeded_defaults_present" time="0.058" /><testcase classname="tests.test_phase8_loans.TestLoanTypeMaster" name="test_create_new_type" time="0.011" /><testcase classname="tests.test_phase8_loans.TestLoanTypeMaster" name="test_duplicate_name_conflict" time="0.002" /><testcase classname="tests.test_phase8_loans.TestLoanIssue" name="test_issue_success" time="0.014" /><testcase classname="tests.test_phase8_loans.TestLoanIssue" name="test_invalid_grower" time="0.002" /><testcase classname="tests.test_phase8_loans.TestLoanIssue" name="test_invalid_loan_type" time="0.003" /><testcase classname="tests.test_phase8_loans.TestLoanIssue" name="test_zero_amount" time="0.002" /><testcase classname="tests.test_phase8_loans.TestLoanIssue" name="test_negative_amount" time="0.003" /><testcase classname="tests.test_phase8_loans.TestLoanIssue" name="test_continuous_loan_ids" time="0.018" /><testcase classname="tests.test_phase8_loans.TestLoanIssue" name="test_idempotency" time="0.011" /><testcase classname="tests.test_phase8_loans.TestLoanRecovery" name="test_partial_recovery" time="0.016" /><testcase classname="tests.test_phase8_loans.TestLoanRecovery" name="test_over_recovery_blocked" time="0.008" /><testcase classname="tests.test_phase8_loans.TestLoanRecovery" name="test_zero_recovery_amount" time="0.008" /><testcase classname="tests.test_phase8_loans.TestLoanRecovery" name="test_recovery_invalid_loan" time="0.002" /><testcase classname="tests.test_phase8_loans.TestLoanRecovery" name="test_full_recovery_closes_loan" time="0.014" /><testcase classname="tests.test_phase8_loans.TestLoanRecovery" name="test_recovery_on_closed_loan_blocked" time="0.017" /><testcase classname="tests.test_phase8_loans.TestLoanRecovery" name="test_multiple_partial_recoveries_2dp" time="0.041" /><testcase classname="tests.test_phase8_loans.TestLoanRecovery" name="test_recovery_idempotency" time="0.028" /><testcase classname="tests.test_phase8_loans.TestLoanRecovery" name="test_continuous_lr_ids" time="0.033" /><testcase classname="tests.test_phase8_loans.TestCancelReverse" name="test_cancel_active_loan" time="0.014" /><testcase classname="tests.test_phase8_loans.TestCancelReverse" name="test_cancel_short_reason" time="0.008" /><testcase classname="tests.test_phase8_loans.TestCancelReverse" name="test_cancel_with_recovery_blocked" time="0.015" /><testcase classname="tests.test_phase8_loans.TestCancelReverse" name="test_cancel_already_cancelled" time="0.015" /><testcase classname="tests.test_phase8_loans.TestCancelReverse" name="test_reverse_recovery_reopens_closed_loan" time="0.029" /><testcase classname="tests.test_phase8_loans.TestCancelReverse" name="test_reverse_short_reason" time="0.028" /><testcase classname="tests.test_phase8_loans.TestCancelReverse" name="test_reverse_already_reversed" time="0.038" /><testcase classname="tests.test_phase8_loans.TestOutstanding" name="test_outstanding_query_param" time="0.002" /><testcase classname="tests.test_phase8_loans.TestOutstanding" name="test_outstanding_missing_param" time="0.002" /><testcase classname="tests.test_phase8_loans.TestPrint" name="test_loan_preview_a4_pdf" time="0.019" /><testcase classname="tests.test_phase8_loans.TestPrint" name="test_loan_preview_dotmatrix_png" time="0.019" /><testcase classname="tests.test_phase8_loans.TestPrint" name="test_loan_final_increments_print_count" time="0.059" /><testcase classname="tests.test_phase8_loans.TestPrint" name="test_loan_not_found" time="0.002" /><testcase classname="tests.test_phase8_loans.TestPrint" name="test_recovery_print_preview" time="0.036" /><testcase classname="tests.test_phase8_loans.TestPrint" name="test_recovery_print_dotmatrix" time="0.043" /><testcase classname="tests.test_phase8_loans.TestRBAC" name="test_operator_denied_loan_list" time="0.072" /><testcase classname="tests.test_phase8_loans.TestRBAC" name="test_operator_denied_recovery_list" time="0.002" /><testcase classname="tests.test_phase8_loans.TestRBAC" name="test_salepurchase_denied" time="0.067" /><testcase classname="tests.test_phase8_loans.TestRBAC" name="test_accountant_can_create_loan" time="0.088" /><testcase classname="tests.test_phase8_loans.TestRBAC" name="test_farmer_readonly" time="0.070" /><testcase classname="tests.test_phase8_loans.TestRBAC" name="test_farmer_ownership_scoping" time="0.014" /><testcase classname="tests.test_phase8_loans.TestRegression" name="test_login_still_works" time="0.054" /><testcase classname="tests.test_phase8_loans.TestRegression" name="test_zones_master" time="0.003" /><testcase classname="tests.test_phase8_loans.TestRegression" name="test_villages_master" time="0.002" /><testcase classname="tests.test_phase8_loans.TestRegression" name="test_growers_master" time="0.002" /><testcase classname="tests.test_phase8_loans.TestRegression" name="test_print_purchase_still_works" time="0.003"><skipped type="pytest.skip" message="No purchase to test print">/app/backend/tests/test_phase8_loans.py:573: No purchase to test print</skipped></testcase></testsuite></testsuites>