<?xml version="1.0" encoding="utf-8"?><testsuites name="pytest tests"><testsuite name="pytest" errors="0" failures="0" skipped="3" tests="38" time="44.703" timestamp="2026-09-01T14:32:04.269526+00:00" hostname="agent-env-f658e6ec-3ee9-47b9-92ca-8ef1d8e595e5"><testcase classname="tests.test_phase9_payments.TestPaymentModes" name="test_exactly_three_seeded_modes" time="0.056" /><testcase classname="tests.test_phase9_payments.TestPaymentModes" name="test_no_online_or_razorpay_mode" time="0.002" /><testcase classname="tests.test_phase9_payments.TestEligiblePreviewAndModes" name="test_single_mode_requires_purchase_id" time="0.002" /><testcase classname="tests.test_phase9_payments.TestEligiblePreviewAndModes" name="test_invalid_selection_mode" time="0.002" /><testcase classname="tests.test_phase9_payments.TestEligiblePreviewAndModes" name="test_unknown_grower_returns_404" time="0.002" /><testcase classname="tests.test_phase9_payments.TestEligiblePreviewAndModes" name="test_single_mode_payment_flow" time="0.067" /><testcase classname="tests.test_phase9_payments.TestEligiblePreviewAndModes" name="test_date_range_mode" time="0.077" /><testcase classname="tests.test_phase9_payments.TestEligiblePreviewAndModes" name="test_farmer_mode_picks_all_pending" time="0.066" /><testcase classname="tests.test_phase9_payments.TestLoanAutoDeduction" name="test_no_loan_zero_deduction" time="0.034" /><testcase classname="tests.test_phase9_payments.TestLoanAutoDeduction" name="test_loan_bigger_than_payable_capped" time="0.035" /><testcase classname="tests.test_phase9_payments.TestLoanAutoDeduction" name="test_multi_loan_fifo_oldest_first" time="1.149" /><testcase classname="tests.test_phase9_payments.TestLoanAutoDeduction" name="test_cancel_then_repay_new_advice_and_fresh_deduction" time="0.052" /><testcase classname="tests.test_phase9_payments.TestLoanAutoDeduction" name="test_cancel_short_reason_400" time="0.029" /><testcase classname="tests.test_phase9_payments.TestLoanAutoDeduction" name="test_cancel_already_cancelled_409" time="0.036" /><testcase classname="tests.test_phase9_payments.TestIdempotency" name="test_duplicate_key_returns_409" time="0.032" /><testcase classname="tests.test_phase9_payments.TestCashEvidence" name="test_cash_mode_captureQueued_true" time="0.028" /><testcase classname="tests.test_phase9_payments.TestCashEvidence" name="test_bank_mode_captureQueued_false" time="0.036" /><testcase classname="tests.test_phase9_payments.TestCashEvidence" name="test_upi_mode_captureQueued_false" time="0.045" /><testcase classname="tests.test_phase9_payments.TestCashEvidence" name="test_images_list_empty_when_no_cameras_or_disabled" time="0.004" /><testcase classname="tests.test_phase9_payments.TestCashEvidence" name="test_manual_capture_endpoint" time="0.004" /><testcase classname="tests.test_phase9_payments.TestPaymentPrint" name="test_preview_dotmatrix_returns_png_no_counter_change" time="0.068" /><testcase classname="tests.test_phase9_payments.TestPaymentPrint" name="test_preview_a4_returns_pdf" time="0.008" /><testcase classname="tests.test_phase9_payments.TestPaymentPrint" name="test_final_increments_print_counter_and_reprint" time="0.028" /><testcase classname="tests.test_phase9_payments.TestListAndGet" name="test_get_by_id_includes_purchaseIds_array" time="0.054" /><testcase classname="tests.test_phase9_payments.TestListAndGet" name="test_filter_by_advice_number" time="0.002" /><testcase classname="tests.test_phase9_payments.TestListAndGet" name="test_filter_by_status_cancelled" time="0.002" /><testcase classname="tests.test_phase9_payments.TestRBAC" name="test_operator_403_on_create" time="0.075" /><testcase classname="tests.test_phase9_payments.TestRBAC" name="test_operator_403_on_view" time="0.001" /><testcase classname="tests.test_phase9_payments.TestRBAC" name="test_operator_403_on_images" time="0.001" /><testcase classname="tests.test_phase9_payments.TestRBAC" name="test_salepurchase_403" time="0.057" /><testcase classname="tests.test_phase9_payments.TestRBAC" name="test_admin_403_on_create" time="42.070"><skipped type="pytest.skip" message="Skipped">/app/backend/tests/test_phase9_payments.py:566: Skipped</skipped></testcase><testcase classname="tests.test_phase9_payments.TestRBAC" name="test_admin_200_on_view" time="0.000"><skipped type="pytest.skip" message="Skipped">/app/backend/tests/test_phase9_payments.py:574: Skipped</skipped></testcase><testcase classname="tests.test_phase9_payments.TestRBAC" name="test_admin_403_on_cancel" time="0.000"><skipped type="pytest.skip" message="Skipped">/app/backend/tests/test_phase9_payments.py:580: Skipped</skipped></testcase><testcase classname="tests.test_phase9_payments.TestRBAC" name="test_accountant_can_create" time="0.106" /><testcase classname="tests.test_phase9_payments.TestFarmerScoping" name="test_farmer_sees_only_own_grower_payments" time="0.401" /><testcase classname="tests.test_phase9_payments.TestNegativeAndSanity" name="test_invalid_payment_mode_id_400" time="0.027" /><testcase classname="tests.test_phase9_payments.TestNegativeAndSanity" name="test_unknown_grower_on_issue_404" time="0.002" /><testcase classname="tests.test_phase9_payments.TestNegativeAndSanity" name="test_no_eligible_purchases_409" time="0.012" /></testsuite></testsuites>