<?xml version="1.0" encoding="utf-8"?><testsuites name="pytest tests"><testsuite name="pytest" errors="0" failures="0" skipped="0" tests="53" time="68.688" timestamp="2026-09-01T10:18:55.143598+00:00" hostname="agent-env-f658e6ec-3ee9-47b9-92ca-8ef1d8e595e5"><testcase classname="tests.test_canefactory_api.TestFirstLoginForceChange" name="test_01_temp_login_returns_mustChangePassword" time="0.131" /><testcase classname="tests.test_canefactory_api.TestFirstLoginForceChange" name="test_02_business_api_returns_403_before_change" time="0.036" /><testcase classname="tests.test_canefactory_api.TestFirstLoginForceChange" name="test_03_change_password_success" time="0.115" /><testcase classname="tests.test_canefactory_api.TestFirstLoginForceChange" name="test_04_login_new_password" time="0.055" /><testcase classname="tests.test_canefactory_api.TestFirstLoginForceChange" name="test_05_business_api_200_after_change" time="0.035" /><testcase classname="tests.test_canefactory_api.TestRefreshRotation" name="test_06_refresh_returns_new_pair" time="0.027" /><testcase classname="tests.test_canefactory_api.TestRefreshRotation" name="test_07_reuse_old_refresh_401" time="0.010" /><testcase classname="tests.test_canefactory_api.TestRefreshRotation" name="test_08_after_reuse_new_refresh_also_revoked" time="0.006" /><testcase classname="tests.test_canefactory_api.TestRefreshRotation" name="test_09_relogin_developer" time="0.054" /><testcase classname="tests.test_canefactory_api.TestMasters" name="test_10_create_zone_id_1" time="0.055" /><testcase classname="tests.test_canefactory_api.TestMasters" name="test_11_create_village_id_101" time="0.043" /><testcase classname="tests.test_canefactory_api.TestMasters" name="test_12_village_duplicate_case_insensitive_conflict" time="0.004" /><testcase classname="tests.test_canefactory_api.TestMasters" name="test_13_bank_invalid_ifsc_rejected" time="0.009" /><testcase classname="tests.test_canefactory_api.TestMasters" name="test_14_bank_valid_ifsc_success" time="0.034" /><testcase classname="tests.test_canefactory_api.TestMasters" name="test_15_bank_duplicate_name_branch_conflict" time="0.004" /><testcase classname="tests.test_canefactory_api.TestMasters" name="test_16_party_duplicate_name_mobile_conflict" time="0.039" /><testcase classname="tests.test_canefactory_api.TestGrowers" name="test_17_grower_101_1" time="0.057" /><testcase classname="tests.test_canefactory_api.TestGrowers" name="test_18_grower_101_2" time="0.017" /><testcase classname="tests.test_canefactory_api.TestGrowers" name="test_19_duplicate_aadhaar_blocked" time="0.004" /><testcase classname="tests.test_canefactory_api.TestGrowers" name="test_20_duplicate_mobile_warns_422" time="0.006" /><testcase classname="tests.test_canefactory_api.TestGrowers" name="test_21_duplicate_mobile_accept" time="0.009" /><testcase classname="tests.test_canefactory_api.TestGrowers" name="test_22_grower_by_code_masked" time="0.024" /><testcase classname="tests.test_canefactory_api.TestRates" name="test_23_create_rate" time="0.052" /><testcase classname="tests.test_canefactory_api.TestRates" name="test_24_overlapping_rate_conflict" time="0.005" /><testcase classname="tests.test_canefactory_api.TestRates" name="test_25_current_rate" time="0.015" /><testcase classname="tests.test_canefactory_api.TestParser" name="test_26_parser_positive_frame" time="0.022" /><testcase classname="tests.test_canefactory_api.TestParser" name="test_27_parser_negative_frame" time="0.005" /><testcase classname="tests.test_canefactory_api.TestParser" name="test_28_parser_malformed" time="0.004" /><testcase classname="tests.test_canefactory_api.TestWeighmentGross" name="test_29_gross_below_min" time="0.030" /><testcase classname="tests.test_canefactory_api.TestWeighmentGross" name="test_30_gross_success" time="0.095" /><testcase classname="tests.test_canefactory_api.TestWeighmentGross" name="test_31_gross_duplicate_idempotency" time="0.004" /><testcase classname="tests.test_canefactory_api.TestWeighmentTare" name="test_32_pending_tare_lists" time="0.015" /><testcase classname="tests.test_canefactory_api.TestWeighmentTare" name="test_33_tare_gte_gross_conflict" time="0.018" /><testcase classname="tests.test_canefactory_api.TestWeighmentTare" name="test_34_tare_success" time="0.020" /><testcase classname="tests.test_canefactory_api.TestWeighmentTare" name="test_35_second_tare_conflict" time="0.004" /><testcase classname="tests.test_canefactory_api.TestWeighmentTare" name="test_36_for_tare_after_done_conflict" time="0.040" /><testcase classname="tests.test_canefactory_api.TestPurchaseLifecycle" name="test_37_purchases_list" time="0.025" /><testcase classname="tests.test_canefactory_api.TestPurchaseLifecycle" name="test_38_lock_blocks_tare" time="0.055" /><testcase classname="tests.test_canefactory_api.TestPurchaseLifecycle" name="test_39_unlock_cancel" time="0.027" /><testcase classname="tests.test_canefactory_api.TestPurchaseLifecycle" name="test_40_audit_log_events" time="0.018" /><testcase classname="tests.test_canefactory_api.TestConfig" name="test_41_weight_rules_put" time="0.033" /><testcase classname="tests.test_canefactory_api.TestConfig" name="test_42_camera_password_not_leaked" time="0.068" /><testcase classname="tests.test_canefactory_api.TestConfig" name="test_43_sms_secret_not_leaked" time="0.054" /><testcase classname="tests.test_canefactory_api.TestConfig" name="test_44_user_guide" time="0.007" /><testcase classname="tests.test_canefactory_api.TestConfig" name="test_45_dashboard_health" time="0.028" /><testcase classname="tests.test_canefactory_api.TestRBACOperator" name="test_46_create_operator" time="0.090" /><testcase classname="tests.test_canefactory_api.TestRBACOperator" name="test_47_operator_first_login_change_pw" time="0.204" /><testcase classname="tests.test_canefactory_api.TestRBACOperator" name="test_48_operator_forbidden_endpoints" time="0.007" /><testcase classname="tests.test_canefactory_api.TestRBACOperator" name="test_49_operator_allowed_endpoints" time="0.013" /><testcase classname="tests.test_canefactory_api.TestRBACOperator" name="test_50_unauthenticated_purchases_401" time="0.003" /><testcase classname="tests.test_canefactory_api.TestAuthLockout" name="test_51_wait_for_rate_limit_reset" time="65.000" /><testcase classname="tests.test_canefactory_api.TestAuthLockout" name="test_52_wrong_password_generic_401" time="0.054" /><testcase classname="tests.test_canefactory_api.TestAuthLockout" name="test_53_lockout_after_5_bad_attempts" time="1.813" /></testsuite></testsuites>